\BOOKMARK [1][-]{section.1}{\376\377\003\225\003\271\003\303\003\261\003\263\003\311\003\263\003\256\000\040\000/\000\040\003\243\003\272\003\277\003\300\003\314\003\302}{}% 1
\BOOKMARK [2][-]{subsection.1.1}{\376\377\003\221\003\275\003\304\003\271\003\272\003\265\003\257\003\274\003\265\003\275\003\277\000\040\003\304\003\267\003\302\000\040\003\300\003\261\003\301\003\277\003\315\003\303\003\261\003\302\000\040\003\306\003\254\003\303\003\267\003\302}{section.1}% 2
\BOOKMARK [2][-]{subsection.1.2}{\376\377\003\222\003\261\003\303\003\271\003\272\003\256\000\040\003\274\003\265\003\270\003\277\003\264\003\277\003\273\003\277\003\263\003\271\003\272\003\256\000\040\003\300\003\261\003\301\003\261\003\264\003\277\003\307\003\256}{section.1}% 3
\BOOKMARK [1][-]{section.2}{\376\377\003\240\003\257\003\275\003\261\003\272\003\261\003\302\000\040\003\262\003\261\003\303\003\271\003\272\003\316\003\275\000\040\003\303\003\305\003\274\003\262\003\314\003\273\003\311\003\275}{}% 4
\BOOKMARK [2][-]{subsection.2.1}{\376\377\003\223\003\265\003\275\003\271\003\272\003\254\000\040\003\303\003\315\003\274\003\262\003\277\003\273\003\261\000\040\003\272\003\261\003\271\000\040\003\270\003\265\003\301\003\274\003\271\003\272\003\254\000\040\003\274\003\265\003\263\003\255\003\270\003\267}{section.2}% 5
\BOOKMARK [2][-]{subsection.2.2}{\376\377\003\243\003\305\003\274\003\262\003\277\003\273\003\271\003\303\003\274\003\277\003\257\000\040\003\264\003\277\003\274\003\271\003\272\003\316\003\275\000\040\003\303\003\304\003\277\003\271\003\307\003\265\003\257\003\311\003\275\000\040\003\304\003\277\003\305\000\040\003\272\003\304\003\271\003\301\003\257\003\277\003\305}{section.2}% 6
\BOOKMARK [1][-]{section.3}{\376\377\003\232\003\304\003\257\003\301\003\271\003\277\000\040\003\300\003\301\003\277\003\302\000\040\003\274\003\265\003\273\003\255\003\304\003\267}{}% 7
\BOOKMARK [2][-]{subsection.3.1}{\376\377\003\243\003\315\003\275\003\304\003\277\003\274\003\267\000\040\003\300\003\265\003\301\003\271\003\263\003\301\003\261\003\306\003\256\000\040\003\304\003\277\003\305\000\040\003\272\003\304\003\271\003\301\003\257\003\277\003\305}{section.3}% 8
\BOOKMARK [2][-]{subsection.3.2}{\376\377\003\243\003\272\003\261\003\301\003\257\003\306\003\267\003\274\003\261\000\040\003\272\003\254\003\304\003\277\003\310\003\267\003\302}{section.3}% 9
\BOOKMARK [2][-]{subsection.3.3}{\376\377\003\223\003\265\003\311\003\274\003\265\003\304\003\301\003\271\003\272\003\254\000\040\003\307\003\261\003\301\003\261\003\272\003\304\003\267\003\301\003\271\003\303\003\304\003\271\003\272\003\254\000\040\003\304\003\267\003\302\000\040\003\272\003\254\003\304\003\277\003\310\003\267\003\302}{section.3}% 10
\BOOKMARK [3][-]{subsubsection.3.3.1}{\376\377\003\225\003\300\003\271\003\274\003\255\003\301\003\277\003\305\003\302\000\040\003\265\003\274\003\262\003\261\003\264\003\254\000\040\003\273\003\265\003\271\003\304\003\277\003\305\003\301\003\263\003\271\003\272\003\316\003\275\000\040\003\307\003\316\003\301\003\311\003\275}{subsection.3.3}% 11
\BOOKMARK [2][-]{subsection.3.4}{\376\377\003\240\003\301\003\277\003\303\003\261\003\275\003\261\003\304\003\277\003\273\003\271\003\303\003\274\003\314\003\302\000\040\003\304\003\277\003\305\000\040\003\272\003\304\003\271\003\301\003\257\003\277\003\305\000\040\003\272\003\261\003\271\000\040\003\261\003\275\003\277\003\257\003\263\003\274\003\261\003\304\003\261}{section.3}% 12
\BOOKMARK [2][-]{subsection.3.5}{\376\377\003\245\003\300\003\277\003\264\003\256\003\273\003\311\003\303\003\267\000\040\003\277\003\275\003\277\003\274\003\261\003\303\003\257\003\261\003\302\000\040\003\264\003\277\003\274\003\271\003\272\003\316\003\275\000\040\003\303\003\304\003\277\003\271\003\307\003\265\003\257\003\311\003\275}{section.3}% 13
\BOOKMARK [3][-]{subsubsection.3.5.1}{\376\377\003\240\003\257\003\275\003\261\003\272\003\261\003\302\000\040\003\222\003\256\003\274\003\261\000\040\0001\003\261\000\040\040\023\000\040\003\232\003\261\003\304\003\261\003\263\003\301\003\261\003\306\003\256\000\040\003\264\003\277\003\274\003\271\003\272\003\316\003\275\000\040\003\303\003\304\003\277\003\271\003\307\003\265\003\257\003\311\003\275\000\040\003\265\003\276\003\311\003\304\003\265\003\301\003\271\003\272\003\277\003\315\000\040\003\300\003\265\003\301\003\271\003\262\003\273\003\256\003\274\003\261\003\304\003\277\003\302}{subsection.3.5}% 14
\BOOKMARK [3][-]{subsubsection.3.5.2}{\376\377\003\221\003\264\003\271\003\261\003\306\003\261\003\275\003\256\000\040\003\303\003\304\003\277\003\271\003\307\003\265\003\257\003\261}{subsection.3.5}% 15
\BOOKMARK [3][-]{subsubsection.3.5.3}{\376\377\003\224\003\271\003\261\003\306\003\261\003\275\003\256\000\040\003\303\003\304\003\277\003\271\003\307\003\265\003\257\003\261}{subsection.3.5}% 16
\BOOKMARK [2][-]{subsection.3.6}{\376\377\003\245\003\300\003\277\003\273\003\277\003\263\003\271\003\303\003\274\003\314\003\302\000\040\003\265\003\300\003\271\003\306\003\261\003\275\003\265\003\271\003\316\003\275\000\040\003\265\003\276\003\311\003\304\003\265\003\301\003\271\003\272\003\277\003\315\000\040\003\300\003\265\003\301\003\271\003\262\003\273\003\256\003\274\003\261\003\304\003\277\003\302}{section.3}% 17
\BOOKMARK [3][-]{subsubsection.3.6.1}{\376\377\003\221\003\272\003\261\003\270\003\254\003\301\003\271\003\303\003\304\003\265\003\302\000\040\003\265\003\300\003\271\003\306\003\254\003\275\003\265\003\271\003\265\003\302\000\040\003\265\003\276\003\311\003\304\003\265\003\301\003\271\003\272\003\316\003\275\000\040\003\304\003\277\003\257\003\307\003\311\003\275}{subsection.3.6}% 18
\BOOKMARK [3][-]{subsubsection.3.6.2}{\376\377\003\232\003\261\003\270\003\261\003\301\003\255\003\302\000\040\003\265\003\300\003\271\003\306\003\254\003\275\003\265\003\271\003\265\003\302\000\040\003\265\003\276\003\311\003\304\003\265\003\301\003\271\003\272\003\316\003\275\000\040\003\304\003\277\003\257\003\307\003\311\003\275}{subsection.3.6}% 19
\BOOKMARK [2][-]{subsection.3.7}{\376\377\003\243\003\305\003\275\003\304\003\265\003\273\003\265\003\303\003\304\003\255\003\302\000\040\003\270\003\265\003\301\003\274\003\277\003\300\003\265\003\301\003\261\003\304\003\314\003\304\003\267\003\304\003\261\003\302\000\040\003\264\003\277\003\274\003\271\003\272\003\316\003\275\000\040\003\303\003\304\003\277\003\271\003\307\003\265\003\257\003\311\003\275}{section.3}% 20
\BOOKMARK [2][-]{subsection.3.8}{\376\377\003\245\003\300\003\277\003\273\003\277\003\263\003\271\003\303\003\274\003\314\003\302\000\040\003\274\003\255\003\303\003\277\003\305\000\040\003\303\003\305\003\275\003\304\003\265\003\273\003\265\003\303\003\304\003\256\000\040\003\270\003\265\003\301\003\274\003\277\003\300\003\265\003\301\003\261\003\304\003\314\003\304\003\267\003\304\003\261\003\302\000\040\000U\000m}{section.3}% 21
\BOOKMARK [2][-]{subsection.3.9}{\376\377\003\243\003\305\003\275\003\277\003\300\003\304\003\271\003\272\003\256\000\040\003\261\003\300\003\277\003\304\003\257\003\274\003\267\003\303\003\267\000\040\003\304\003\277\003\305\000\040\003\272\003\304\003\271\003\301\003\257\003\277\003\305\000\040\003\300\003\301\003\277\003\302\000\040\003\274\003\265\003\273\003\255\003\304\003\267}{section.3}% 22
\BOOKMARK [1][-]{section.4}{\376\377\003\245\003\300\003\277\003\273\003\277\003\263\003\271\003\303\003\274\003\314\003\302\000\040\003\310\003\305\003\272\003\304\003\271\003\272\003\316\003\275\000\040\003\306\003\277\003\301\003\304\003\257\003\311\003\275}{}% 23
\BOOKMARK [2][-]{subsection.4.1}{\376\377\003\234\003\265\003\270\003\277\003\264\003\277\003\273\003\277\003\263\003\257\003\261\000\040\003\305\003\300\003\277\003\273\003\277\003\263\003\271\003\303\003\274\003\277\003\315}{section.4}% 24
\BOOKMARK [3][-]{subsubsection.4.1.1}{\376\377\003\222\003\261\003\303\003\271\003\272\003\255\003\302\000\040\003\265\003\276\003\271\003\303\003\316\003\303\003\265\003\271\003\302}{subsection.4.1}% 25
\BOOKMARK [2][-]{subsection.4.2}{\376\377\003\224\003\265\003\264\003\277\003\274\003\255\003\275\003\261\000\040\003\303\003\307\003\265\003\264\003\271\003\261\003\303\003\274\003\277\003\315\000\040\003\272\003\261\003\271\000\040\003\300\003\261\003\301\003\261\003\264\003\277\003\307\003\255\003\302}{section.4}% 26
\BOOKMARK [3][-]{subsubsection.4.2.1}{\376\377\003\243\003\305\003\275\003\270\003\256\003\272\003\265\003\302\000\040\003\303\003\307\003\265\003\264\003\271\003\261\003\303\003\274\003\277\003\315}{subsection.4.2}% 27
\BOOKMARK [3][-]{subsubsection.4.2.2}{\376\377\003\225\003\300\003\271\003\273\003\277\003\263\003\255\003\302\000\040\003\300\003\271\003\275\003\254\003\272\003\311\003\275\000\040\003\272\003\261\003\271\000\040\003\300\003\261\003\301\003\261\003\274\003\255\003\304\003\301\003\311\003\275\000\040\003\304\003\267\003\302\000\040\000A\000S\000H\000R\000A\000E}{subsection.4.2}% 28
\BOOKMARK [3][-]{subsubsection.4.2.3}{\376\377\003\232\003\277\003\271\003\275\003\256\000\040\003\264\003\271\003\314\003\301\003\270\003\311\003\303\003\267\000\040\003\270\003\265\003\301\003\274\003\277\003\272\003\301\003\261\003\303\003\257\003\261\003\302}{subsection.4.2}% 29
\BOOKMARK [3][-]{subsubsection.4.2.4}{\376\377\003\225\003\303\003\311\003\304\003\265\003\301\003\271\003\272\003\254\000\040\003\306\003\277\003\301\003\304\003\257\003\261\000\040\003\272\003\261\003\271\000\040\003\261\003\265\003\301\003\271\003\303\003\274\003\314\003\302}{subsection.4.2}% 30
\BOOKMARK [3][-]{subsubsection.4.2.5}{\376\377\003\251\003\301\003\271\003\261\003\257\003\265\003\302\000\040\003\265\003\276\003\311\003\304\003\265\003\301\003\271\003\272\003\255\003\302\000\040\003\303\003\305\003\275\003\270\003\256\003\272\003\265\003\302}{subsection.4.2}% 31
\BOOKMARK [2][-]{subsection.4.3}{\376\377\003\221\003\271\003\303\003\270\003\267\003\304\003\254\000\040\003\310\003\305\003\272\003\304\003\271\003\272\003\254\000\040\003\306\003\277\003\301\003\304\003\257\003\261}{section.4}% 32
\BOOKMARK [3][-]{subsubsection.4.3.1}{\376\377\003\246\003\277\003\301\003\304\003\257\003\261\000\040\003\261\003\300\003\314\000\040\003\265\003\276\003\311\003\304\003\265\003\301\003\271\003\272\003\277\003\315\003\302\000\040\003\304\003\277\003\257\003\307\003\277\003\305\003\302}{subsection.4.3}% 33
\BOOKMARK [3][-]{subsubsection.4.3.2}{\376\377\003\246\003\277\003\301\003\304\003\257\003\261\000\040\003\261\003\300\003\314\000\040\003\277\003\301\003\277\003\306\003\256}{subsection.4.3}% 34
\BOOKMARK [3][-]{subsubsection.4.3.3}{\376\377\003\246\003\277\003\301\003\304\003\257\003\261\000\040\003\261\003\300\003\314\000\040\003\305\003\261\003\273\003\277\003\300\003\257\003\275\003\261\003\272\003\265\003\302\000\040\003\273\003\314\003\263\003\311\000\040\003\261\003\263\003\311\003\263\003\256\003\302}{subsection.4.3}% 35
\BOOKMARK [3][-]{subsubsection.4.3.4}{\376\377\003\227\003\273\003\271\003\261\003\272\003\254\000\040\003\272\003\255\003\301\003\264\003\267\000\040\003\261\003\300\003\314\000\040\003\300\003\261\003\301\003\254\003\270\003\305\003\301\003\261\000\040\003\272\003\261\003\271\000\040\003\274\003\300\003\261\003\273\003\272\003\277\003\275\003\314\003\300\003\277\003\301\003\304\003\265\003\302}{subsection.4.3}% 36
\BOOKMARK [3][-]{subsubsection.4.3.5}{\376\377\003\225\003\303\003\311\003\304\003\265\003\301\003\271\003\272\003\254\000\040\003\261\003\271\003\303\003\270\003\267\003\304\003\254\000\040\003\306\003\277\003\301\003\304\003\257\003\261}{subsection.4.3}% 37
\BOOKMARK [3][-]{subsubsection.4.3.6}{\376\377\003\221\003\271\003\303\003\270\003\267\003\304\003\314\000\040\003\306\003\277\003\301\003\304\003\257\003\277\000\040\003\261\003\265\003\301\003\271\003\303\003\274\003\277\003\315\000\040\000/\000\040\003\264\003\271\003\265\003\257\003\303\003\264\003\305\003\303\003\267\003\302}{subsection.4.3}% 38
\BOOKMARK [3][-]{subsubsection.4.3.7}{\376\377\003\243\003\305\003\275\003\277\003\273\003\271\003\272\003\314\000\040\003\261\003\271\003\303\003\270\003\267\003\304\003\314\000\040\003\306\003\277\003\301\003\304\003\257\003\277}{subsection.4.3}% 39
\BOOKMARK [2][-]{subsection.4.4}{\376\377\003\233\003\261\003\275\003\270\003\254\003\275\003\277\003\275\003\304\003\261\000\040\003\310\003\305\003\272\003\304\003\271\003\272\003\254\000\040\003\306\003\277\003\301\003\304\003\257\003\261}{section.4}% 40
\BOOKMARK [3][-]{subsubsection.4.4.1}{\376\377\003\233\003\261\003\275\003\270\003\254\003\275\003\277\003\275\000\040\003\306\003\277\003\301\003\304\003\257\003\277\000\040\003\261\003\300\003\314\000\040\003\261\003\275\003\270\003\301\003\316\003\300\003\277\003\305\003\302\000\040\003\272\003\261\003\271\000\040\003\265\003\276\003\277\003\300\003\273\003\271\003\303\003\274\003\314}{subsection.4.4}% 41
\BOOKMARK [3][-]{subsubsection.4.4.2}{\376\377\003\233\003\261\003\275\003\270\003\254\003\275\003\277\003\275\000\040\003\306\003\277\003\301\003\304\003\257\003\277\000\040\003\261\003\265\003\301\003\271\003\303\003\274\003\277\003\315}{subsection.4.4}% 42
\BOOKMARK [3][-]{subsubsection.4.4.3}{\376\377\003\243\003\305\003\275\003\277\003\273\003\271\003\272\003\314\000\040\003\273\003\261\003\275\003\270\003\254\003\275\003\277\003\275\000\040\003\306\003\277\003\301\003\304\003\257\003\277}{subsection.4.4}% 43
\BOOKMARK [2][-]{subsection.4.5}{\376\377\003\243\003\305\003\263\003\272\003\265\003\275\003\304\003\301\003\311\003\304\003\271\003\272\003\254\000\040\003\261\003\300\003\277\003\304\003\265\003\273\003\255\003\303\003\274\003\261\003\304\003\261}{section.4}% 44
\BOOKMARK [3][-]{subsubsection.4.5.1}{\376\377\003\240\003\277\003\303\003\277\003\303\003\304\003\271\003\261\003\257\003\261\000\040\003\303\003\305\003\274\003\274\003\265\003\304\003\277\003\307\003\256\000\040\003\306\003\277\003\301\003\304\003\257\003\311\003\275\000\040\003\303\003\304\003\267\003\275\000\040\003\316\003\301\003\261\000\040\003\261\003\271\003\307\003\274\003\256\003\302}{subsection.4.5}% 45
\BOOKMARK [2][-]{subsection.4.6}{\376\377\003\243\003\305\003\274\003\300\003\273\003\267\003\301\003\311\003\274\003\255\003\275\003\277\000\040\003\306\003\315\003\273\003\273\003\277\000\040\003\265\003\301\003\263\003\261\003\303\003\257\003\261\003\302\000\040\000C\000L\000T\000D}{section.4}% 46
\BOOKMARK [2][-]{subsection.4.7}{\376\377\003\243\003\307\003\277\003\273\003\271\003\261\003\303\003\274\003\314\003\302\000\040\003\304\003\267\003\302\000\040\003\265\003\300\003\257\003\264\003\301\003\261\003\303\003\267\003\302\000\040\003\272\003\254\003\270\003\265\000\040\003\300\003\261\003\301\003\254\003\263\003\277\003\275\003\304\003\261}{section.4}% 47
\BOOKMARK [3][-]{subsubsection.4.7.1}{\376\377\003\225\003\276\003\311\003\304\003\265\003\301\003\271\003\272\003\277\003\257\000\040\003\304\003\277\003\257\003\307\003\277\003\271}{subsection.4.7}% 48
\BOOKMARK [3][-]{subsubsection.4.7.2}{\376\377\003\237\003\301\003\277\003\306\003\256}{subsection.4.7}% 49
\BOOKMARK [3][-]{subsubsection.4.7.3}{\376\377\003\245\003\261\003\273\003\277\003\300\003\257\003\275\003\261\003\272\003\265\003\302\000\040\003\273\003\314\003\263\003\311\000\040\003\261\003\263\003\311\003\263\003\256\003\302}{subsection.4.7}% 50
\BOOKMARK [3][-]{subsubsection.4.7.4}{\376\377\003\227\003\273\003\271\003\261\003\272\003\254\000\040\003\272\003\255\003\301\003\264\003\267\000\040\003\261\003\275\003\277\003\271\003\263\003\274\003\254\003\304\003\311\003\275}{subsection.4.7}% 51
\BOOKMARK [3][-]{subsubsection.4.7.5}{\376\377\003\225\003\303\003\311\003\304\003\265\003\301\003\271\003\272\003\254\000\040\003\306\003\277\003\301\003\304\003\257\003\261}{subsection.4.7}% 52
\BOOKMARK [3][-]{subsubsection.4.7.6}{\376\377\003\221\003\265\003\301\003\271\003\303\003\274\003\314\003\302\000\040\003\272\003\261\003\271\000\040\003\273\003\261\003\275\003\270\003\254\003\275\003\277\003\275\000\040\003\306\003\277\003\301\003\304\003\257\003\277}{subsection.4.7}% 53
\BOOKMARK [3][-]{subsubsection.4.7.7}{\376\377\003\223\003\265\003\275\003\271\003\272\003\256\000\040\003\265\003\301\003\274\003\267\003\275\003\265\003\257\003\261\000\040\003\304\003\267\003\302\000\040\003\316\003\301\003\261\003\302\000\040\003\261\003\271\003\307\003\274\003\256\003\302}{subsection.4.7}% 54
\BOOKMARK [2][-]{subsection.4.8}{\376\377\003\240\003\301\003\277\003\304\003\265\003\271\003\275\003\314\003\274\003\265\003\275\003\265\003\302\000\040\003\262\003\265\003\273\003\304\003\271\003\316\003\303\003\265\003\271\003\302}{section.4}% 55
\BOOKMARK [3][-]{subsubsection.4.8.1}{\376\377\003\225\003\276\003\311\003\304\003\265\003\301\003\271\003\272\003\256\000\040\003\303\003\272\003\257\003\261\003\303\003\267\000\040\003\256\000\040\003\307\003\261\003\274\003\267\003\273\003\314\003\304\003\265\003\301\003\277\003\302\000\040\003\303\003\305\003\275\003\304\003\265\003\273\003\265\003\303\003\304\003\256\003\302\000\040\003\303\003\272\003\257\003\261\003\303\003\267\003\302}{subsection.4.8}% 56
\BOOKMARK [3][-]{subsubsection.4.8.2}{\376\377\003\222\003\265\003\273\003\304\003\257\003\311\003\303\003\267\000\040\003\270\003\265\003\301\003\274\003\277\003\274\003\314\003\275\003\311\003\303\003\267\003\302\000\040\003\277\003\301\003\277\003\306\003\256\003\302}{subsection.4.8}% 57
\BOOKMARK [3][-]{subsubsection.4.8.3}{\376\377\003\222\003\265\003\273\003\304\003\257\003\311\003\303\003\267\000\040\003\270\003\265\003\301\003\274\003\277\003\300\003\265\003\301\003\261\003\304\003\314\003\304\003\267\003\304\003\261\003\302\000\040\003\261\003\275\003\277\003\271\003\263\003\274\003\254\003\304\003\311\003\275}{subsection.4.8}% 58
\BOOKMARK [3][-]{subsubsection.4.8.4}{\376\377\003\234\003\265\003\257\003\311\003\303\003\267\000\040\003\261\003\265\003\301\003\271\003\303\003\274\003\277\003\315\000\040\000/\000\040\003\264\003\271\003\265\003\257\003\303\003\264\003\305\003\303\003\267\003\302}{subsection.4.8}% 59
\BOOKMARK [3][-]{subsubsection.4.8.5}{\376\377\003\243\003\305\003\275\003\277\003\273\003\271\003\272\003\256\000\040\003\265\003\275\003\264\003\265\003\271\003\272\003\304\003\271\003\272\003\256\000\040\003\265\003\300\003\257\003\264\003\301\003\261\003\303\003\267}{subsection.4.8}% 60
\BOOKMARK [1][-]{section.5}{\376\377\003\243\003\305\003\274\003\300\003\265\003\301\003\254\003\303\003\274\003\261\003\304\003\261}{}% 61
\BOOKMARK [1][-]{section.6}{\376\377\003\222\003\271\003\262\003\273\003\271\003\277\003\263\003\301\003\261\003\306\003\257\003\261}{}% 62
